<?xml version="1.0" encoding="UTF-8"?>
<!-- Generated by org.testng.reporters.JUnitXMLReporter -->
<testsuite ignored="0" hostname="DESKTOP-IT7ALNU" failures="0" tests="2" name="Chrome" time="21.121" errors="0" timestamp="2024-04-19T23:57:09 IST">
  <testcase classname="com.learning.selenium.TestNGProject.ParalellExecution1" name="startChrome" time="14.582"/>
  <testcase classname="com.learning.selenium.TestNGProject.ParalellExecution2" name="startFirefox" time="21.054"/>
</testsuite> <!-- Chrome -->
