<?xml version="1.0" encoding="UTF-8"?>
<!-- Generated by org.testng.reporters.JUnitXMLReporter -->
<testsuite ignored="0" hostname="DESKTOP-IT7ALNU" failures="0" tests="3" name="Data Provider Test" time="0.069" errors="0" timestamp="2024-04-19T23:20:23 IST">
  <testcase classname="com.learning.selenium.TestNGParams.GetDataProviderDemo" name="getDataMethod" time="0.01"/>
  <testcase classname="com.learning.selenium.TestNGParams.GetDataProviderDemo" name="getDataMethod" time="0.001"/>
  <testcase classname="com.learning.selenium.TestNGParams.GetDataProviderDemo" name="getDataMethod" time="0.001"/>
</testsuite> <!-- Data Provider Test -->
