<?xml version="1.0" encoding="UTF-8"?>
<!-- Generated by org.testng.reporters.JUnitXMLReporter -->
<testsuite ignored="1" hostname="DESKTOP-IT7ALNU" failures="0" tests="3" name="PerSonal and Home" time="0.118" errors="0" timestamp="2024-04-19T23:33:19 IST">
  <testcase classname="com.learning.selenium.TestNGProject.day4" name="getPersonalLoan" time="0.011"/>
  <testcase classname="com.learning.selenium.TestNGProject.day4" name="clearPersonalLoan" time="0.002"/>
  <testcase classname="com.learning.selenium.TestNGProject.day3" name="clearHomeLoan" time="0.002"/>
  <testcase classname="com.learning.selenium.TestNGProject.day3" name="getHomeLoan" time="0.0">
    <ignored/>
  </testcase> <!-- getHomeLoan -->
</testsuite> <!-- PerSonal and Home -->
