<?xml version="1.0" encoding="UTF-8"?>
<!-- Generated by org.testng.reporters.JUnitXMLReporter -->
<testsuite ignored="0" hostname="DESKTOP-IT7ALNU" failures="0" tests="9" name="Test" time="0.086" errors="0" timestamp="2024-04-19T22:36:06 IST">
  <testcase classname="com.learning.selenium.TestNGProject.day1" name="clearGadgetsLoan" time="0.004"/>
  <testcase classname="com.learning.selenium.TestNGProject.day1" name="getGadgetsLoan" time="0.004"/>
  <testcase classname="com.learning.selenium.SeleniumProject.AppTest" name="shouldAnswerWithTrue" time="0.003"/>
  <testcase classname="com.learning.selenium.TestNGProject.day2" name="clearCarLoan" time="0.001"/>
  <testcase classname="com.learning.selenium.TestNGProject.day2" name="getCarLoan" time="0.002"/>
  <testcase classname="com.learning.selenium.TestNGProject.day3" name="clearHomeLoan" time="0.002"/>
  <testcase classname="com.learning.selenium.TestNGProject.day3" name="getHomeLoan" time="0.003"/>
  <testcase classname="com.learning.selenium.TestNGProject.day4" name="getPersonalLoan" time="0.001"/>
  <testcase classname="com.learning.selenium.TestNGProject.day4" name="clearPersonalLoan" time="0.0"/>
</testsuite> <!-- Test -->
