<?xml version="1.0" encoding="UTF-8"?>
<!-- Generated by org.testng.reporters.JUnitXMLReporter -->
<testsuite ignored="0" hostname="DESKTOP-IT7ALNU" failures="0" tests="4" name="AppTestContext" time="0.057" errors="0" timestamp="2024-12-17T17:19:34 GMT-05:00">
  <testcase classname="com.learning.selenium.SeleniumProject.AppTest" name="methodInterceptorRetryTest" time="0.008"/>
  <testcase classname="com.learning.selenium.SeleniumProject.AppTest" name="methodInterceptorTest" time="0.001"/>
  <testcase classname="com.learning.selenium.SeleniumProject.AppTest" name="methodInterceptorTest" time="0.001"/>
  <testcase classname="com.learning.selenium.SeleniumProject.AppTest" name="methodInterceptorTest" time="0.001"/>
</testsuite> <!-- AppTestContext -->
