<?xml version="1.0" encoding="UTF-8"?>
<!-- Generated by org.testng.reporters.JUnitXMLReporter -->
<testsuite ignored="0" hostname="DESKTOP-IT7ALNU" failures="0" tests="4" name="Car and Gadgets" time="0.012" errors="0" timestamp="2024-12-17T17:19:04 GMT-05:00">
  <testcase classname="com.learning.selenium.TestNGProject.day2" name="clearCarLoan" time="0.0"/>
  <testcase classname="com.learning.selenium.TestNGProject.day2" name="getCarLoan" time="0.001"/>
  <testcase classname="com.learning.selenium.TestNGProject.day1" name="clearGadgetsLoan" time="0.001"/>
  <testcase classname="com.learning.selenium.TestNGProject.day1" name="getGadgetsLoan" time="0.001"/>
</testsuite> <!-- Car and Gadgets -->
