<?xml version="1.0" encoding="UTF-8"?>
<!-- Generated by org.testng.reporters.JUnitXMLReporter -->
<testsuite ignored="3" hostname="DESKTOP-IT7ALNU" failures="0" tests="1" name="PerSonal and Home" time="0.078" errors="0" timestamp="2024-12-17T17:19:04 GMT-05:00">
  <testcase classname="com.learning.selenium.TestNGProject.day4" name="clearPersonalLoan" time="0.004"/>
  <testcase classname="com.learning.selenium.TestNGProject.day3" name="clearHomeLoan" time="0.0">
    <ignored/>
  </testcase> <!-- clearHomeLoan -->
  <testcase classname="com.learning.selenium.TestNGProject.day3" name="getHomeLoan" time="0.0">
    <ignored/>
  </testcase> <!-- getHomeLoan -->
  <testcase classname="com.learning.selenium.TestNGProject.day4" name="getPersonalLoan" time="0.0">
    <ignored/>
  </testcase> <!-- getPersonalLoan -->
</testsuite> <!-- PerSonal and Home -->
