<?xml version="1.0" encoding="UTF-8"?>
<!-- Generated by org.testng.reporters.JUnitXMLReporter -->
<testsuite ignored="3" hostname="DESKTOP-IT7ALNU" failures="1" tests="4" name="AppTestContext(failed)" time="0.069" errors="0" timestamp="2024-12-17T11:30:08 GMT-05:00">
  <testcase classname="com.learning.selenium.SeleniumProject.AppTest" name="methodInterceptorRetryTest" time="0.01">
    <skipped/>
  </testcase> <!-- methodInterceptorRetryTest -->
  <testcase classname="com.learning.selenium.SeleniumProject.AppTest" name="methodInterceptorRetryTest" time="0.001">
    <skipped/>
  </testcase> <!-- methodInterceptorRetryTest -->
  <testcase classname="com.learning.selenium.SeleniumProject.AppTest" name="methodInterceptorRetryTest" time="0.001">
    <skipped/>
  </testcase> <!-- methodInterceptorRetryTest -->
  <testcase classname="com.learning.selenium.SeleniumProject.AppTest" name="methodInterceptorRetryTest" time="0.002">
    <failure type="java.lang.AssertionError" message="expected [true] but found [false]">
      <![CDATA[java.lang.AssertionError: expected [true] but found [false]
at com.learning.selenium.SeleniumProject.AppTest.methodInterceptorRetryTest(AppTest.java:24)
at java.base/java.util.ArrayList.forEach(ArrayList.java:1511)
at java.base/java.util.concurrent.FutureTask.run(FutureTask.java:264)
at java.base/java.util.concurrent.ThreadPoolExecutor.runWorker(ThreadPoolExecutor.java:1136)
at java.base/java.util.concurrent.ThreadPoolExecutor$Worker.run(ThreadPoolExecutor.java:635)
at java.base/java.lang.Thread.run(Thread.java:840)
... Removed 22 stack frames]]>
    </failure>
  </testcase> <!-- methodInterceptorRetryTest -->
  <testcase classname="com.learning.selenium.SeleniumProject.AppTest" name="shouldAnswerWithTrue" time="0.0">
    <ignored/>
  </testcase> <!-- shouldAnswerWithTrue -->
  <testcase classname="com.learning.selenium.SeleniumProject.AppTest" name="sampleAppTest" time="0.0">
    <ignored/>
  </testcase> <!-- sampleAppTest -->
  <testcase classname="com.learning.selenium.SeleniumProject.AppTest" name="methodInterceptorTest" time="0.0">
    <ignored/>
  </testcase> <!-- methodInterceptorTest -->
</testsuite> <!-- AppTestContext(failed) -->
