<?xml version="1.0" encoding="UTF-8"?>
<testng-results ignored="0" total="4" passed="4" failed="0" skipped="0">
  <reporter-output>
  </reporter-output>
  <suite started-at="2024-12-17T17:19:34 GMT-05:00" name="Suite" finished-at="2024-12-17T17:19:34 GMT-05:00" duration-ms="57">
    <groups>
    </groups>
    <test started-at="2024-12-17T17:19:34 GMT-05:00" name="AppTestContext" finished-at="2024-12-17T17:19:34 GMT-05:00" duration-ms="57">
      <class name="com.learning.selenium.SeleniumProject.AppTest">
        <test-method signature="methodInterceptorRetryTest()[pri:0, instance:com.learning.selenium.SeleniumProject.AppTest@291ae]" started-at="2024-12-17T17:19:34 GMT-05:00" name="methodInterceptorRetryTest" finished-at="2024-12-17T17:19:34 GMT-05:00" duration-ms="8" status="PASS">
          <reporter-output>
          </reporter-output>
        </test-method> <!-- methodInterceptorRetryTest -->
        <test-method signature="methodInterceptorTest()[pri:0, instance:com.learning.selenium.SeleniumProject.AppTest@291ae]" started-at="2024-12-17T17:19:34 GMT-05:00" name="methodInterceptorTest" finished-at="2024-12-17T17:19:34 GMT-05:00" duration-ms="1" status="PASS">
          <reporter-output>
          </reporter-output>
        </test-method> <!-- methodInterceptorTest -->
        <test-method signature="methodInterceptorTest()[pri:0, instance:com.learning.selenium.SeleniumProject.AppTest@291ae]" started-at="2024-12-17T17:19:34 GMT-05:00" name="methodInterceptorTest" finished-at="2024-12-17T17:19:34 GMT-05:00" duration-ms="1" status="PASS">
          <reporter-output>
          </reporter-output>
        </test-method> <!-- methodInterceptorTest -->
        <test-method signature="methodInterceptorTest()[pri:0, instance:com.learning.selenium.SeleniumProject.AppTest@291ae]" started-at="2024-12-17T17:19:34 GMT-05:00" name="methodInterceptorTest" finished-at="2024-12-17T17:19:34 GMT-05:00" duration-ms="1" status="PASS">
          <reporter-output>
          </reporter-output>
        </test-method> <!-- methodInterceptorTest -->
      </class> <!-- com.learning.selenium.SeleniumProject.AppTest -->
    </test> <!-- AppTestContext -->
  </suite> <!-- Suite -->
</testng-results>
